# JRE version: Java(TM) SE Runtime Environment (20.0.1+9) (build 20.0.1+9-29)
# Java VM: Java HotSpot(TM) 64-Bit Server VM (20.0.1+9-29, mixed mode, sharing, tiered, compressed oops, compressed class ptrs, g1 gc, windows-amd64)
GC Precious Log:
 CardTable entry size: 512
 Card Set container configuration: InlinePtr #cards 4 size 8 Array Of Cards #cards 16 size 48 Howl #buckets 8 coarsen threshold 3686 Howl Bitmap #cards 512 size 80 coarsen threshold 460 Card regions per heap region 1 cards per card region 4096
 CPUs: 12 total, 12 available
 Memory: 12138M
 Large Page Support: Disabled
 NUMA Support: Disabled
 Compressed Oops: Enabled (Zero based)
 Heap Region Size: 2M
 Heap Min Capacity: 8M
 Heap Initial Capacity: 190M
 Heap Max Capacity: 3036M
 Pre-touch: Disabled
 Parallel Workers: 10
 Concurrent Workers: 3
 Concurrent Refinement Workers: 10
 Periodic GC: Disabled
Heap:
 garbage-first heap   total 888832K, used 520521K [0x0000000742400000, 0x0000000800000000)
  region size 2048K, 143 young (292864K), 3 survivors (6144K)
 Metaspace       used 73819K, committed 74560K, reserved 1179648K
  class space    used 9224K, committed 9664K, reserved 1048576K
GC Heap History (20 events):
Event: 4891.143 GC heap before
{Heap before GC invocations=810 (full 0):
 garbage-first heap   total 888832K, used 673599K [0x0000000742400000, 0x0000000800000000)
  region size 2048K, 188 young (385024K), 2 survivors (4096K)
 Metaspace       used 73788K, committed 74496K, reserved 1179648K
  class space    used 9224K, committed 9664K, reserved 1048576K
}
Event: 4891.145 GC heap after
{Heap after GC invocations=811 (full 0):
 garbage-first heap   total 888832K, used 32583K [0x0000000742400000, 0x0000000800000000)
  region size 2048K, 3 young (6144K), 3 survivors (6144K)
 Metaspace       used 73788K, committed 74496K, reserved 1179648K
  class space    used 9224K, committed 9664K, reserved 1048576K
}
Event: 4892.028 GC heap before
{Heap before GC invocations=811 (full 0):
 garbage-first heap   total 888832K, used 675655K [0x0000000742400000, 0x0000000800000000)
  region size 2048K, 188 young (385024K), 3 survivors (6144K)
 Metaspace       used 73788K, committed 74496K, reserved 1179648K
  class space    used 9224K, committed 9664K, reserved 1048576K
}
Event: 4892.030 GC heap after
{Heap after GC invocations=812 (full 0):
 garbage-first heap   total 888832K, used 32591K [0x0000000742400000, 0x0000000800000000)
  region size 2048K, 3 young (6144K), 3 survivors (6144K)
 Metaspace       used 73788K, committed 74496K, reserved 1179648K
  class space    used 9224K, committed 9664K, reserved 1048576K
}
Event: 4892.765 GC heap before
{Heap before GC invocations=812 (full 0):
 garbage-first heap   total 888832K, used 669519K [0x0000000742400000, 0x0000000800000000)
  region size 2048K, 185 young (378880K), 3 survivors (6144K)
 Metaspace       used 73788K, committed 74496K, reserved 1179648K
  class space    used 9224K, committed 9664K, reserved 1048576K
}
Event: 4892.767 GC heap after
{Heap after GC invocations=813 (full 0):
 garbage-first heap   total 888832K, used 34621K [0x0000000742400000, 0x0000000800000000)
  region size 2048K, 3 young (6144K), 3 survivors (6144K)
 Metaspace       used 73788K, committed 74496K, reserved 1179648K
  class space    used 9224K, committed 9664K, reserved 1048576K
}
Event: 4893.263 GC heap before
{Heap before GC invocations=813 (full 0):
 garbage-first heap   total 888832K, used 667453K [0x0000000742400000, 0x0000000800000000)
  region size 2048K, 185 young (378880K), 3 survivors (6144K)
 Metaspace       used 73788K, committed 74496K, reserved 1179648K
  class space    used 9224K, committed 9664K, reserved 1048576K
}
Event: 4893.265 GC heap after
{Heap after GC invocations=814 (full 0):
 garbage-first heap   total 888832K, used 38723K [0x0000000742400000, 0x0000000800000000)
  region size 2048K, 4 young (8192K), 4 survivors (8192K)
 Metaspace       used 73788K, committed 74496K, reserved 1179648K
  class space    used 9224K, committed 9664K, reserved 1048576K
}
Event: 4893.991 GC heap before
{Heap before GC invocations=814 (full 0):
 garbage-first heap   total 888832K, used 659267K [0x0000000742400000, 0x0000000800000000)
  region size 2048K, 183 young (374784K), 4 survivors (8192K)
 Metaspace       used 73789K, committed 74496K, reserved 1179648K
  class space    used 9224K, committed 9664K, reserved 1048576K
}
Event: 4893.993 GC heap after
{Heap after GC invocations=815 (full 0):
 garbage-first heap   total 888832K, used 31582K [0x0000000742400000, 0x0000000800000000)
  region size 2048K, 2 young (4096K), 2 survivors (4096K)
 Metaspace       used 73789K, committed 74496K, reserved 1179648K
  class space    used 9224K, committed 9664K, reserved 1048576K
}
Event: 4894.678 GC heap before
{Heap before GC invocations=815 (full 0):
 garbage-first heap   total 888832K, used 664414K [0x0000000742400000, 0x0000000800000000)
  region size 2048K, 184 young (376832K), 2 survivors (4096K)
 Metaspace       used 73789K, committed 74496K, reserved 1179648K
  class space    used 9224K, committed 9664K, reserved 1048576K
}
Event: 4894.680 GC heap after
{Heap after GC invocations=816 (full 0):
 garbage-first heap   total 888832K, used 31073K [0x0000000742400000, 0x0000000800000000)
  region size 2048K, 2 young (4096K), 2 survivors (4096K)
 Metaspace       used 73789K, committed 74496K, reserved 1179648K
  class space    used 9224K, committed 9664K, reserved 1048576K
}
Event: 4895.452 GC heap before
{Heap before GC invocations=816 (full 0):
 garbage-first heap   total 888832K, used 668001K [0x0000000742400000, 0x0000000800000000)
  region size 2048K, 186 young (380928K), 2 survivors (4096K)
 Metaspace       used 73789K, committed 74496K, reserved 1179648K
  class space    used 9224K, committed 9664K, reserved 1048576K
}
Event: 4895.455 GC heap after
{Heap after GC invocations=817 (full 0):
 garbage-first heap   total 888832K, used 35669K [0x0000000742400000, 0x0000000800000000)
  region size 2048K, 3 young (6144K), 3 survivors (6144K)
 Metaspace       used 73789K, committed 74496K, reserved 1179648K
  class space    used 9224K, committed 9664K, reserved 1048576K
}
Event: 4896.249 GC heap before
{Heap before GC invocations=817 (full 0):
 garbage-first heap   total 888832K, used 660309K [0x0000000742400000, 0x0000000800000000)
  region size 2048K, 183 young (374784K), 3 survivors (6144K)
 Metaspace       used 73789K, committed 74496K, reserved 1179648K
  class space    used 9224K, committed 9664K, reserved 1048576K
}
Event: 4896.251 GC heap after
{Heap after GC invocations=818 (full 0):
 garbage-first heap   total 888832K, used 34623K [0x0000000742400000, 0x0000000800000000)
  region size 2048K, 3 young (6144K), 3 survivors (6144K)
 Metaspace       used 73789K, committed 74496K, reserved 1179648K
  class space    used 9224K, committed 9664K, reserved 1048576K
}
Event: 4896.996 GC heap before
{Heap before GC invocations=818 (full 0):
 garbage-first heap   total 888832K, used 663359K [0x0000000742400000, 0x0000000800000000)
  region size 2048K, 184 young (376832K), 3 survivors (6144K)
 Metaspace       used 73789K, committed 74496K, reserved 1179648K
  class space    used 9224K, committed 9664K, reserved 1048576K
}
Event: 4896.999 GC heap after
{Heap after GC invocations=819 (full 0):
 garbage-first heap   total 888832K, used 38725K [0x0000000742400000, 0x0000000800000000)
  region size 2048K, 4 young (8192K), 4 survivors (8192K)
 Metaspace       used 73789K, committed 74496K, reserved 1179648K
  class space    used 9224K, committed 9664K, reserved 1048576K
}
Event: 4897.362 GC heap before
{Heap before GC invocations=819 (full 0):
 garbage-first heap   total 888832K, used 661317K [0x0000000742400000, 0x0000000800000000)
  region size 2048K, 184 young (376832K), 4 survivors (8192K)
 Metaspace       used 73793K, committed 74496K, reserved 1179648K
  class space    used 9224K, committed 9664K, reserved 1048576K
}
Event: 4897.364 GC heap after
{Heap after GC invocations=820 (full 0):
 garbage-first heap   total 888832K, used 33097K [0x0000000742400000, 0x0000000800000000)
  region size 2048K, 3 young (6144K), 3 survivors (6144K)
 Metaspace       used 73793K, committed 74496K, reserved 1179648K
  class space    used 9224K, committed 9664K, reserved 1048576K
}

